  console.error
    `ReactDOMTestUtils.act` is deprecated in favor of `React.act`. Import `act` from `react` instead of `react-dom/test-utils`. See https://react.dev/warnings/react-dom-test-utils for more info.

      38 |     return;
      39 |   }
    > 40 |   originalConsoleError(...args);
         |                       ^
      41 | };
      42 |
      43 | import { TextEncoder, TextDecoder } from 'util';

      at console.apply (tests/setup.js:40:23)
      at Object.<anonymous>.process.env.NODE_ENV.exports.act (node_modules/react-dom/cjs/react-dom-test-utils.development.js:19:17)
      at node_modules/@testing-library/react/dist/act-compat.js:63:25
      at renderRoot (node_modules/@testing-library/react/dist/pure.js:159:26)
      at render (node_modules/@testing-library/react/dist/pure.js:246:10)
      at renderLoginPage (src/__tests__/login.test.jsx:44:18)
      at Object.renderLoginPage (src/__tests__/login.test.jsx:56:5)

  console.warn
    useAuth must be used within an AuthProvider

      15 |   const context = useContext(AuthContext);
      16 |   if (context === null) 
    > 17 |     console.warn('useAuth must be used within an AuthProvider');
         |             ^
      18 |     return {};
      19 |   return context;
      20 | };

      at warn (src/contexts/AuthContextDefinition.js:17:13)
      at LoginPage (src/pages/Auth/LoginPage.jsx:12:28)
      at Object.react-stack-bottom-frame (node_modules/react-dom/cjs/react-dom-client.development.js:23863:20)
      at renderWithHooks (node_modules/react-dom/cjs/react-dom-client.development.js:5529:22)
      at updateFunctionComponent (node_modules/react-dom/cjs/react-dom-client.development.js:8897:19)
      at beginWork (node_modules/react-dom/cjs/react-dom-client.development.js:10522:18)
      at runWithFiberInDEV (node_modules/react-dom/cjs/react-dom-client.development.js:1522:13)
      at performUnitOfWork (node_modules/react-dom/cjs/react-dom-client.development.js:15140:22)
      at workLoopSync (node_modules/react-dom/cjs/react-dom-client.development.js:14956:41)
      at renderRootSync (node_modules/react-dom/cjs/react-dom-client.development.js:14936:11)
      at performWorkOnRoot (node_modules/react-dom/cjs/react-dom-client.development.js:14419:13)
      at performWorkOnRootViaSchedulerTask (node_modules/react-dom/cjs/react-dom-client.development.js:16216:7)
      at flushActQueue (node_modules/react/cjs/react.development.js:566:34)
      at Object.<anonymous>.process.env.NODE_ENV.exports.act (node_modules/react/cjs/react.development.js:859:10)
      at Object.<anonymous>.process.env.NODE_ENV.exports.act (node_modules/react-dom/cjs/react-dom-test-utils.development.js:22:20)
      at node_modules/@testing-library/react/dist/act-compat.js:63:25
      at renderRoot (node_modules/@testing-library/react/dist/pure.js:159:26)
      at render (node_modules/@testing-library/react/dist/pure.js:246:10)
      at renderLoginPage (src/__tests__/login.test.jsx:44:18)
      at Object.renderLoginPage (src/__tests__/login.test.jsx:56:5)

  console.warn
    useNotifications must be used within a NotificationProvider

       8 |   const context = useContext(NotificationContext);
       9 |   if (!context) {
    > 10 |     console.warn('useNotifications must be used within a NotificationProvider');
         |             ^
      11 |     return {};
      12 |   }
      13 |   return context;

      at warn (src/contexts/NotificationContextCore.js:10:13)
      at LoginPage (src/pages/Auth/LoginPage.jsx:13:47)
      at Object.react-stack-bottom-frame (node_modules/react-dom/cjs/react-dom-client.development.js:23863:20)
      at renderWithHooks (node_modules/react-dom/cjs/react-dom-client.development.js:5529:22)
      at updateFunctionComponent (node_modules/react-dom/cjs/react-dom-client.development.js:8897:19)
      at beginWork (node_modules/react-dom/cjs/react-dom-client.development.js:10522:18)
      at runWithFiberInDEV (node_modules/react-dom/cjs/react-dom-client.development.js:1522:13)
      at performUnitOfWork (node_modules/react-dom/cjs/react-dom-client.development.js:15140:22)
      at workLoopSync (node_modules/react-dom/cjs/react-dom-client.development.js:14956:41)
      at renderRootSync (node_modules/react-dom/cjs/react-dom-client.development.js:14936:11)
      at performWorkOnRoot (node_modules/react-dom/cjs/react-dom-client.development.js:14419:13)
      at performWorkOnRootViaSchedulerTask (node_modules/react-dom/cjs/react-dom-client.development.js:16216:7)
      at flushActQueue (node_modules/react/cjs/react.development.js:566:34)
      at Object.<anonymous>.process.env.NODE_ENV.exports.act (node_modules/react/cjs/react.development.js:859:10)
      at Object.<anonymous>.process.env.NODE_ENV.exports.act (node_modules/react-dom/cjs/react-dom-test-utils.development.js:22:20)
      at node_modules/@testing-library/react/dist/act-compat.js:63:25
      at renderRoot (node_modules/@testing-library/react/dist/pure.js:159:26)
      at render (node_modules/@testing-library/react/dist/pure.js:246:10)
      at renderLoginPage (src/__tests__/login.test.jsx:44:18)
      at Object.renderLoginPage (src/__tests__/login.test.jsx:56:5)

  console.warn
    useAuth must be used within an AuthProvider

      15 |   const context = useContext(AuthContext);
      16 |   if (context === null) 
    > 17 |     console.warn('useAuth must be used within an AuthProvider');
         |             ^
      18 |     return {};
      19 |   return context;
      20 | };

      at warn (src/contexts/AuthContextDefinition.js:17:13)
      at LoginPage (src/pages/Auth/LoginPage.jsx:12:28)
      at Object.react-stack-bottom-frame (node_modules/react-dom/cjs/react-dom-client.development.js:23863:20)
      at renderWithHooks (node_modules/react-dom/cjs/react-dom-client.development.js:5529:22)
      at updateFunctionComponent (node_modules/react-dom/cjs/react-dom-client.development.js:8897:19)
      at beginWork (node_modules/react-dom/cjs/react-dom-client.development.js:10522:18)
      at runWithFiberInDEV (node_modules/react-dom/cjs/react-dom-client.development.js:1522:13)
      at performUnitOfWork (node_modules/react-dom/cjs/react-dom-client.development.js:15140:22)
      at workLoopSync (node_modules/react-dom/cjs/react-dom-client.development.js:14956:41)
      at renderRootSync (node_modules/react-dom/cjs/react-dom-client.development.js:14936:11)
      at performWorkOnRoot (node_modules/react-dom/cjs/react-dom-client.development.js:14419:13)
      at performWorkOnRootViaSchedulerTask (node_modules/react-dom/cjs/react-dom-client.development.js:16216:7)
      at flushActQueue (node_modules/react/cjs/react.development.js:566:34)
      at Object.<anonymous>.process.env.NODE_ENV.exports.act (node_modules/react/cjs/react.development.js:859:10)
      at Object.<anonymous>.process.env.NODE_ENV.exports.act (node_modules/react-dom/cjs/react-dom-test-utils.development.js:22:20)
      at node_modules/@testing-library/react/dist/act-compat.js:63:25
      at renderRoot (node_modules/@testing-library/react/dist/pure.js:159:26)
      at render (node_modules/@testing-library/react/dist/pure.js:246:10)
      at renderLoginPage (src/__tests__/login.test.jsx:44:18)
      at renderLoginPage (src/__tests__/login.test.jsx:63:5)
      at call (src/__tests__/login.test.jsx:2:1)
      at Generator.tryCatch (src/__tests__/login.test.jsx:2:1)
      at Generator._invoke [as next] (src/__tests__/login.test.jsx:2:1)
      at asyncGeneratorStep (src/__tests__/login.test.jsx:2:1)
      at asyncGeneratorStep (src/__tests__/login.test.jsx:2:1)
      at _next (src/__tests__/login.test.jsx:2:1)
      at Object.<anonymous> (src/__tests__/login.test.jsx:2:1)

  console.warn
    useNotifications must be used within a NotificationProvider

       8 |   const context = useContext(NotificationContext);
       9 |   if (!context) {
    > 10 |     console.warn('useNotifications must be used within a NotificationProvider');
         |             ^
      11 |     return {};
      12 |   }
      13 |   return context;

      at warn (src/contexts/NotificationContextCore.js:10:13)
      at LoginPage (src/pages/Auth/LoginPage.jsx:13:47)
      at Object.react-stack-bottom-frame (node_modules/react-dom/cjs/react-dom-client.development.js:23863:20)
      at renderWithHooks (node_modules/react-dom/cjs/react-dom-client.development.js:5529:22)
      at updateFunctionComponent (node_modules/react-dom/cjs/react-dom-client.development.js:8897:19)
      at beginWork (node_modules/react-dom/cjs/react-dom-client.development.js:10522:18)
      at runWithFiberInDEV (node_modules/react-dom/cjs/react-dom-client.development.js:1522:13)
      at performUnitOfWork (node_modules/react-dom/cjs/react-dom-client.development.js:15140:22)
      at workLoopSync (node_modules/react-dom/cjs/react-dom-client.development.js:14956:41)
      at renderRootSync (node_modules/react-dom/cjs/react-dom-client.development.js:14936:11)
      at performWorkOnRoot (node_modules/react-dom/cjs/react-dom-client.development.js:14419:13)
      at performWorkOnRootViaSchedulerTask (node_modules/react-dom/cjs/react-dom-client.development.js:16216:7)
      at flushActQueue (node_modules/react/cjs/react.development.js:566:34)
      at Object.<anonymous>.process.env.NODE_ENV.exports.act (node_modules/react/cjs/react.development.js:859:10)
      at Object.<anonymous>.process.env.NODE_ENV.exports.act (node_modules/react-dom/cjs/react-dom-test-utils.development.js:22:20)
      at node_modules/@testing-library/react/dist/act-compat.js:63:25
      at renderRoot (node_modules/@testing-library/react/dist/pure.js:159:26)
      at render (node_modules/@testing-library/react/dist/pure.js:246:10)
      at renderLoginPage (src/__tests__/login.test.jsx:44:18)
      at renderLoginPage (src/__tests__/login.test.jsx:63:5)
      at call (src/__tests__/login.test.jsx:2:1)
      at Generator.tryCatch (src/__tests__/login.test.jsx:2:1)
      at Generator._invoke [as next] (src/__tests__/login.test.jsx:2:1)
      at asyncGeneratorStep (src/__tests__/login.test.jsx:2:1)
      at asyncGeneratorStep (src/__tests__/login.test.jsx:2:1)
      at _next (src/__tests__/login.test.jsx:2:1)
      at Object.<anonymous> (src/__tests__/login.test.jsx:2:1)

  console.warn
    useAuth must be used within an AuthProvider

      15 |   const context = useContext(AuthContext);
      16 |   if (context === null) 
    > 17 |     console.warn('useAuth must be used within an AuthProvider');
         |             ^
      18 |     return {};
      19 |   return context;
      20 | };

      at warn (src/contexts/AuthContextDefinition.js:17:13)
      at LoginPage (src/pages/Auth/LoginPage.jsx:12:28)
      at Object.react-stack-bottom-frame (node_modules/react-dom/cjs/react-dom-client.development.js:23863:20)
      at renderWithHooks (node_modules/react-dom/cjs/react-dom-client.development.js:5529:22)
      at updateFunctionComponent (node_modules/react-dom/cjs/react-dom-client.development.js:8897:19)
      at beginWork (node_modules/react-dom/cjs/react-dom-client.development.js:10522:18)
      at runWithFiberInDEV (node_modules/react-dom/cjs/react-dom-client.development.js:1522:13)
      at performUnitOfWork (node_modules/react-dom/cjs/react-dom-client.development.js:15140:22)
      at workLoopSync (node_modules/react-dom/cjs/react-dom-client.development.js:14956:41)
      at renderRootSync (node_modules/react-dom/cjs/react-dom-client.development.js:14936:11)
      at performWorkOnRoot (node_modules/react-dom/cjs/react-dom-client.development.js:14419:13)
      at performWorkOnRootViaSchedulerTask (node_modules/react-dom/cjs/react-dom-client.development.js:16216:7)
      at flushActQueue (node_modules/react/cjs/react.development.js:566:34)
      at Object.<anonymous>.process.env.NODE_ENV.exports.act (node_modules/react/cjs/react.development.js:859:10)
      at Object.<anonymous>.process.env.NODE_ENV.exports.act (node_modules/react-dom/cjs/react-dom-test-utils.development.js:22:20)
      at node_modules/@testing-library/react/dist/act-compat.js:63:25
      at renderRoot (node_modules/@testing-library/react/dist/pure.js:159:26)
      at render (node_modules/@testing-library/react/dist/pure.js:246:10)
      at renderLoginPage (src/__tests__/login.test.jsx:44:18)
      at renderLoginPage (src/__tests__/login.test.jsx:75:5)
      at call (src/__tests__/login.test.jsx:2:1)
      at Generator.tryCatch (src/__tests__/login.test.jsx:2:1)
      at Generator._invoke [as next] (src/__tests__/login.test.jsx:2:1)
      at asyncGeneratorStep (src/__tests__/login.test.jsx:2:1)
      at asyncGeneratorStep (src/__tests__/login.test.jsx:2:1)
      at _next (src/__tests__/login.test.jsx:2:1)
      at Object.<anonymous> (src/__tests__/login.test.jsx:2:1)

  console.warn
    useNotifications must be used within a NotificationProvider

       8 |   const context = useContext(NotificationContext);
       9 |   if (!context) {
    > 10 |     console.warn('useNotifications must be used within a NotificationProvider');
         |             ^
      11 |     return {};
      12 |   }
      13 |   return context;

      at warn (src/contexts/NotificationContextCore.js:10:13)
      at LoginPage (src/pages/Auth/LoginPage.jsx:13:47)
      at Object.react-stack-bottom-frame (node_modules/react-dom/cjs/react-dom-client.development.js:23863:20)
      at renderWithHooks (node_modules/react-dom/cjs/react-dom-client.development.js:5529:22)
      at updateFunctionComponent (node_modules/react-dom/cjs/react-dom-client.development.js:8897:19)
      at beginWork (node_modules/react-dom/cjs/react-dom-client.development.js:10522:18)
      at runWithFiberInDEV (node_modules/react-dom/cjs/react-dom-client.development.js:1522:13)
      at performUnitOfWork (node_modules/react-dom/cjs/react-dom-client.development.js:15140:22)
      at workLoopSync (node_modules/react-dom/cjs/react-dom-client.development.js:14956:41)
      at renderRootSync (node_modules/react-dom/cjs/react-dom-client.development.js:14936:11)
      at performWorkOnRoot (node_modules/react-dom/cjs/react-dom-client.development.js:14419:13)
      at performWorkOnRootViaSchedulerTask (node_modules/react-dom/cjs/react-dom-client.development.js:16216:7)
      at flushActQueue (node_modules/react/cjs/react.development.js:566:34)
      at Object.<anonymous>.process.env.NODE_ENV.exports.act (node_modules/react/cjs/react.development.js:859:10)
      at Object.<anonymous>.process.env.NODE_ENV.exports.act (node_modules/react-dom/cjs/react-dom-test-utils.development.js:22:20)
      at node_modules/@testing-library/react/dist/act-compat.js:63:25
      at renderRoot (node_modules/@testing-library/react/dist/pure.js:159:26)
      at render (node_modules/@testing-library/react/dist/pure.js:246:10)
      at renderLoginPage (src/__tests__/login.test.jsx:44:18)
      at renderLoginPage (src/__tests__/login.test.jsx:75:5)
      at call (src/__tests__/login.test.jsx:2:1)
      at Generator.tryCatch (src/__tests__/login.test.jsx:2:1)
      at Generator._invoke [as next] (src/__tests__/login.test.jsx:2:1)
      at asyncGeneratorStep (src/__tests__/login.test.jsx:2:1)
      at asyncGeneratorStep (src/__tests__/login.test.jsx:2:1)
      at _next (src/__tests__/login.test.jsx:2:1)
      at Object.<anonymous> (src/__tests__/login.test.jsx:2:1)

  console.warn
    useAuth must be used within an AuthProvider

      15 |   const context = useContext(AuthContext);
      16 |   if (context === null) 
    > 17 |     console.warn('useAuth must be used within an AuthProvider');
         |             ^
      18 |     return {};
      19 |   return context;
      20 | };

      at warn (src/contexts/AuthContextDefinition.js:17:13)
      at LoginPage (src/pages/Auth/LoginPage.jsx:12:28)
      at Object.react-stack-bottom-frame (node_modules/react-dom/cjs/react-dom-client.development.js:23863:20)
      at renderWithHooks (node_modules/react-dom/cjs/react-dom-client.development.js:5529:22)
      at updateFunctionComponent (node_modules/react-dom/cjs/react-dom-client.development.js:8897:19)
      at beginWork (node_modules/react-dom/cjs/react-dom-client.development.js:10522:18)
      at runWithFiberInDEV (node_modules/react-dom/cjs/react-dom-client.development.js:1522:13)
      at performUnitOfWork (node_modules/react-dom/cjs/react-dom-client.development.js:15140:22)
      at workLoopSync (node_modules/react-dom/cjs/react-dom-client.development.js:14956:41)
      at renderRootSync (node_modules/react-dom/cjs/react-dom-client.development.js:14936:11)
      at performWorkOnRoot (node_modules/react-dom/cjs/react-dom-client.development.js:14419:13)
      at performSyncWorkOnRoot (node_modules/react-dom/cjs/react-dom-client.development.js:16231:7)
      at flushSyncWorkAcrossRoots_impl (node_modules/react-dom/cjs/react-dom-client.development.js:16079:21)
      at flushSyncWork$1 (node_modules/react-dom/cjs/react-dom-client.development.js:14721:12)
      at batchedUpdates$1 (node_modules/react-dom/cjs/react-dom-client.development.js:3270:14)
      at dispatchEventForPluginEventSystem (node_modules/react-dom/cjs/react-dom-client.development.js:16572:7)
      at dispatchEvent (node_modules/react-dom/cjs/react-dom-client.development.js:20658:11)
      at dispatchDiscreteEvent (node_modules/react-dom/cjs/react-dom-client.development.js:20626:11)
      at HTMLDivElement.callTheUserObjectsOperation (node_modules/jsdom/lib/jsdom/living/generated/EventListener.js:26:30)
      at innerInvokeEventListeners (node_modules/jsdom/lib/jsdom/living/events/EventTarget-impl.js:350:25)
      at invokeEventListeners (node_modules/jsdom/lib/jsdom/living/events/EventTarget-impl.js:286:3)
      at HTMLInputElementImpl._dispatch (node_modules/jsdom/lib/jsdom/living/events/EventTarget-impl.js:233:9)
      at HTMLInputElementImpl.dispatchEvent (node_modules/jsdom/lib/jsdom/living/events/EventTarget-impl.js:104:17)
      at HTMLInputElement.dispatchEvent (node_modules/jsdom/lib/jsdom/living/generated/EventTarget.js:241:34)
      at node_modules/@testing-library/dom/dist/events.js:19:20
      at node_modules/@testing-library/react/dist/pure.js:79:16
      at node_modules/@testing-library/react/dist/act-compat.js:64:24
      at Object.<anonymous>.process.env.NODE_ENV.exports.act (node_modules/react/cjs/react.development.js:789:22)
      at Object.<anonymous>.process.env.NODE_ENV.exports.act (node_modules/react-dom/cjs/react-dom-test-utils.development.js:22:20)
      at node_modules/@testing-library/react/dist/act-compat.js:63:25
      at Object.eventWrapper (node_modules/@testing-library/react/dist/pure.js:78:28)
      at fireEvent (node_modules/@testing-library/dom/dist/events.js:12:35)
      at Function.fireEvent.<computed> [as change] (node_modules/@testing-library/dom/dist/events.js:110:36)
      at Function.fireEvent.<computed> [as change] (node_modules/@testing-library/react/dist/fire-event.js:18:52)
      at change (src/__tests__/login.test.jsx:79:15)
      at call (src/__tests__/login.test.jsx:2:1)
      at Generator.tryCatch (src/__tests__/login.test.jsx:2:1)
      at Generator._invoke [as next] (src/__tests__/login.test.jsx:2:1)
      at asyncGeneratorStep (src/__tests__/login.test.jsx:2:1)
      at asyncGeneratorStep (src/__tests__/login.test.jsx:2:1)
      at _next (src/__tests__/login.test.jsx:2:1)
      at Object.<anonymous> (src/__tests__/login.test.jsx:2:1)

  console.warn
    useNotifications must be used within a NotificationProvider

       8 |   const context = useContext(NotificationContext);
       9 |   if (!context) {
    > 10 |     console.warn('useNotifications must be used within a NotificationProvider');
         |             ^
      11 |     return {};
      12 |   }
      13 |   return context;

      at warn (src/contexts/NotificationContextCore.js:10:13)
      at LoginPage (src/pages/Auth/LoginPage.jsx:13:47)
      at Object.react-stack-bottom-frame (node_modules/react-dom/cjs/react-dom-client.development.js:23863:20)
      at renderWithHooks (node_modules/react-dom/cjs/react-dom-client.development.js:5529:22)
      at updateFunctionComponent (node_modules/react-dom/cjs/react-dom-client.development.js:8897:19)
      at beginWork (node_modules/react-dom/cjs/react-dom-client.development.js:10522:18)
      at runWithFiberInDEV (node_modules/react-dom/cjs/react-dom-client.development.js:1522:13)
      at performUnitOfWork (node_modules/react-dom/cjs/react-dom-client.development.js:15140:22)
      at workLoopSync (node_modules/react-dom/cjs/react-dom-client.development.js:14956:41)
      at renderRootSync (node_modules/react-dom/cjs/react-dom-client.development.js:14936:11)
      at performWorkOnRoot (node_modules/react-dom/cjs/react-dom-client.development.js:14419:13)
      at performSyncWorkOnRoot (node_modules/react-dom/cjs/react-dom-client.development.js:16231:7)
      at flushSyncWorkAcrossRoots_impl (node_modules/react-dom/cjs/react-dom-client.development.js:16079:21)
      at flushSyncWork$1 (node_modules/react-dom/cjs/react-dom-client.development.js:14721:12)
      at batchedUpdates$1 (node_modules/react-dom/cjs/react-dom-client.development.js:3270:14)
      at dispatchEventForPluginEventSystem (node_modules/react-dom/cjs/react-dom-client.development.js:16572:7)
      at dispatchEvent (node_modules/react-dom/cjs/react-dom-client.development.js:20658:11)
      at dispatchDiscreteEvent (node_modules/react-dom/cjs/react-dom-client.development.js:20626:11)
      at HTMLDivElement.callTheUserObjectsOperation (node_modules/jsdom/lib/jsdom/living/generated/EventListener.js:26:30)
      at innerInvokeEventListeners (node_modules/jsdom/lib/jsdom/living/events/EventTarget-impl.js:350:25)
      at invokeEventListeners (node_modules/jsdom/lib/jsdom/living/events/EventTarget-impl.js:286:3)
      at HTMLInputElementImpl._dispatch (node_modules/jsdom/lib/jsdom/living/events/EventTarget-impl.js:233:9)
      at HTMLInputElementImpl.dispatchEvent (node_modules/jsdom/lib/jsdom/living/events/EventTarget-impl.js:104:17)
      at HTMLInputElement.dispatchEvent (node_modules/jsdom/lib/jsdom/living/generated/EventTarget.js:241:34)
      at node_modules/@testing-library/dom/dist/events.js:19:20
      at node_modules/@testing-library/react/dist/pure.js:79:16
      at node_modules/@testing-library/react/dist/act-compat.js:64:24
      at Object.<anonymous>.process.env.NODE_ENV.exports.act (node_modules/react/cjs/react.development.js:789:22)
      at Object.<anonymous>.process.env.NODE_ENV.exports.act (node_modules/react-dom/cjs/react-dom-test-utils.development.js:22:20)
      at node_modules/@testing-library/react/dist/act-compat.js:63:25
      at Object.eventWrapper (node_modules/@testing-library/react/dist/pure.js:78:28)
      at fireEvent (node_modules/@testing-library/dom/dist/events.js:12:35)
      at Function.fireEvent.<computed> [as change] (node_modules/@testing-library/dom/dist/events.js:110:36)
      at Function.fireEvent.<computed> [as change] (node_modules/@testing-library/react/dist/fire-event.js:18:52)
      at change (src/__tests__/login.test.jsx:79:15)
      at call (src/__tests__/login.test.jsx:2:1)
      at Generator.tryCatch (src/__tests__/login.test.jsx:2:1)
      at Generator._invoke [as next] (src/__tests__/login.test.jsx:2:1)
      at asyncGeneratorStep (src/__tests__/login.test.jsx:2:1)
      at asyncGeneratorStep (src/__tests__/login.test.jsx:2:1)
      at _next (src/__tests__/login.test.jsx:2:1)
      at Object.<anonymous> (src/__tests__/login.test.jsx:2:1)

  console.warn
    useAuth must be used within an AuthProvider

      15 |   const context = useContext(AuthContext);
      16 |   if (context === null) 
    > 17 |     console.warn('useAuth must be used within an AuthProvider');
         |             ^
      18 |     return {};
      19 |   return context;
      20 | };

      at warn (src/contexts/AuthContextDefinition.js:17:13)
      at LoginPage (src/pages/Auth/LoginPage.jsx:12:28)
      at Object.react-stack-bottom-frame (node_modules/react-dom/cjs/react-dom-client.development.js:23863:20)
      at renderWithHooks (node_modules/react-dom/cjs/react-dom-client.development.js:5529:22)
      at updateFunctionComponent (node_modules/react-dom/cjs/react-dom-client.development.js:8897:19)
      at beginWork (node_modules/react-dom/cjs/react-dom-client.development.js:10522:18)
      at runWithFiberInDEV (node_modules/react-dom/cjs/react-dom-client.development.js:1522:13)
      at performUnitOfWork (node_modules/react-dom/cjs/react-dom-client.development.js:15140:22)
      at workLoopSync (node_modules/react-dom/cjs/react-dom-client.development.js:14956:41)
      at renderRootSync (node_modules/react-dom/cjs/react-dom-client.development.js:14936:11)
      at performWorkOnRoot (node_modules/react-dom/cjs/react-dom-client.development.js:14419:13)
      at performSyncWorkOnRoot (node_modules/react-dom/cjs/react-dom-client.development.js:16231:7)
      at flushSyncWorkAcrossRoots_impl (node_modules/react-dom/cjs/react-dom-client.development.js:16079:21)
      at flushSyncWork$1 (node_modules/react-dom/cjs/react-dom-client.development.js:14721:12)
      at batchedUpdates$1 (node_modules/react-dom/cjs/react-dom-client.development.js:3270:14)
      at dispatchEventForPluginEventSystem (node_modules/react-dom/cjs/react-dom-client.development.js:16572:7)
      at dispatchEvent (node_modules/react-dom/cjs/react-dom-client.development.js:20658:11)
      at dispatchDiscreteEvent (node_modules/react-dom/cjs/react-dom-client.development.js:20626:11)
      at HTMLDivElement.callTheUserObjectsOperation (node_modules/jsdom/lib/jsdom/living/generated/EventListener.js:26:30)
      at innerInvokeEventListeners (node_modules/jsdom/lib/jsdom/living/events/EventTarget-impl.js:350:25)
      at invokeEventListeners (node_modules/jsdom/lib/jsdom/living/events/EventTarget-impl.js:286:3)
      at HTMLInputElementImpl._dispatch (node_modules/jsdom/lib/jsdom/living/events/EventTarget-impl.js:233:9)
      at HTMLInputElementImpl.dispatchEvent (node_modules/jsdom/lib/jsdom/living/events/EventTarget-impl.js:104:17)
      at HTMLInputElement.dispatchEvent (node_modules/jsdom/lib/jsdom/living/generated/EventTarget.js:241:34)
      at node_modules/@testing-library/dom/dist/events.js:19:20
      at node_modules/@testing-library/react/dist/pure.js:79:16
      at node_modules/@testing-library/react/dist/act-compat.js:64:24
      at Object.<anonymous>.process.env.NODE_ENV.exports.act (node_modules/react/cjs/react.development.js:789:22)
      at Object.<anonymous>.process.env.NODE_ENV.exports.act (node_modules/react-dom/cjs/react-dom-test-utils.development.js:22:20)
      at node_modules/@testing-library/react/dist/act-compat.js:63:25
      at Object.eventWrapper (node_modules/@testing-library/react/dist/pure.js:78:28)
      at fireEvent (node_modules/@testing-library/dom/dist/events.js:12:35)
      at Function.fireEvent.<computed> [as change] (node_modules/@testing-library/dom/dist/events.js:110:36)
      at Function.fireEvent.<computed> [as change] (node_modules/@testing-library/react/dist/fire-event.js:18:52)
      at change (src/__tests__/login.test.jsx:80:15)
      at call (src/__tests__/login.test.jsx:2:1)
      at Generator.tryCatch (src/__tests__/login.test.jsx:2:1)
      at Generator._invoke [as next] (src/__tests__/login.test.jsx:2:1)
      at asyncGeneratorStep (src/__tests__/login.test.jsx:2:1)
      at asyncGeneratorStep (src/__tests__/login.test.jsx:2:1)
      at _next (src/__tests__/login.test.jsx:2:1)
      at Object.<anonymous> (src/__tests__/login.test.jsx:2:1)

  console.warn
    useNotifications must be used within a NotificationProvider

       8 |   const context = useContext(NotificationContext);
       9 |   if (!context) {
    > 10 |     console.warn('useNotifications must be used within a NotificationProvider');
         |             ^
      11 |     return {};
      12 |   }
      13 |   return context;

      at warn (src/contexts/NotificationContextCore.js:10:13)
      at LoginPage (src/pages/Auth/LoginPage.jsx:13:47)
      at Object.react-stack-bottom-frame (node_modules/react-dom/cjs/react-dom-client.development.js:23863:20)
      at renderWithHooks (node_modules/react-dom/cjs/react-dom-client.development.js:5529:22)
      at updateFunctionComponent (node_modules/react-dom/cjs/react-dom-client.development.js:8897:19)
      at beginWork (node_modules/react-dom/cjs/react-dom-client.development.js:10522:18)
      at runWithFiberInDEV (node_modules/react-dom/cjs/react-dom-client.development.js:1522:13)
      at performUnitOfWork (node_modules/react-dom/cjs/react-dom-client.development.js:15140:22)
      at workLoopSync (node_modules/react-dom/cjs/react-dom-client.development.js:14956:41)
      at renderRootSync (node_modules/react-dom/cjs/react-dom-client.development.js:14936:11)
      at performWorkOnRoot (node_modules/react-dom/cjs/react-dom-client.development.js:14419:13)
      at performSyncWorkOnRoot (node_modules/react-dom/cjs/react-dom-client.development.js:16231:7)
      at flushSyncWorkAcrossRoots_impl (node_modules/react-dom/cjs/react-dom-client.development.js:16079:21)
      at flushSyncWork$1 (node_modules/react-dom/cjs/react-dom-client.development.js:14721:12)
      at batchedUpdates$1 (node_modules/react-dom/cjs/react-dom-client.development.js:3270:14)
      at dispatchEventForPluginEventSystem (node_modules/react-dom/cjs/react-dom-client.development.js:16572:7)
      at dispatchEvent (node_modules/react-dom/cjs/react-dom-client.development.js:20658:11)
      at dispatchDiscreteEvent (node_modules/react-dom/cjs/react-dom-client.development.js:20626:11)
      at HTMLDivElement.callTheUserObjectsOperation (node_modules/jsdom/lib/jsdom/living/generated/EventListener.js:26:30)
      at innerInvokeEventListeners (node_modules/jsdom/lib/jsdom/living/events/EventTarget-impl.js:350:25)
      at invokeEventListeners (node_modules/jsdom/lib/jsdom/living/events/EventTarget-impl.js:286:3)
      at HTMLInputElementImpl._dispatch (node_modules/jsdom/lib/jsdom/living/events/EventTarget-impl.js:233:9)
      at HTMLInputElementImpl.dispatchEvent (node_modules/jsdom/lib/jsdom/living/events/EventTarget-impl.js:104:17)
      at HTMLInputElement.dispatchEvent (node_modules/jsdom/lib/jsdom/living/generated/EventTarget.js:241:34)
      at node_modules/@testing-library/dom/dist/events.js:19:20
      at node_modules/@testing-library/react/dist/pure.js:79:16
      at node_modules/@testing-library/react/dist/act-compat.js:64:24
      at Object.<anonymous>.process.env.NODE_ENV.exports.act (node_modules/react/cjs/react.development.js:789:22)
      at Object.<anonymous>.process.env.NODE_ENV.exports.act (node_modules/react-dom/cjs/react-dom-test-utils.development.js:22:20)
      at node_modules/@testing-library/react/dist/act-compat.js:63:25
      at Object.eventWrapper (node_modules/@testing-library/react/dist/pure.js:78:28)
      at fireEvent (node_modules/@testing-library/dom/dist/events.js:12:35)
      at Function.fireEvent.<computed> [as change] (node_modules/@testing-library/dom/dist/events.js:110:36)
      at Function.fireEvent.<computed> [as change] (node_modules/@testing-library/react/dist/fire-event.js:18:52)
      at change (src/__tests__/login.test.jsx:80:15)
      at call (src/__tests__/login.test.jsx:2:1)
      at Generator.tryCatch (src/__tests__/login.test.jsx:2:1)
      at Generator._invoke [as next] (src/__tests__/login.test.jsx:2:1)
      at asyncGeneratorStep (src/__tests__/login.test.jsx:2:1)
      at asyncGeneratorStep (src/__tests__/login.test.jsx:2:1)
      at _next (src/__tests__/login.test.jsx:2:1)
      at Object.<anonymous> (src/__tests__/login.test.jsx:2:1)

  console.log
    handleSubmit triggered

      at log (src/pages/Auth/LoginPage.jsx:18:13)

  console.warn
    useAuth must be used within an AuthProvider

      15 |   const context = useContext(AuthContext);
      16 |   if (context === null) 
    > 17 |     console.warn('useAuth must be used within an AuthProvider');
         |             ^
      18 |     return {};
      19 |   return context;
      20 | };

      at warn (src/contexts/AuthContextDefinition.js:17:13)
      at LoginPage (src/pages/Auth/LoginPage.jsx:12:28)
      at Object.react-stack-bottom-frame (node_modules/react-dom/cjs/react-dom-client.development.js:23863:20)
      at renderWithHooks (node_modules/react-dom/cjs/react-dom-client.development.js:5529:22)
      at updateFunctionComponent (node_modules/react-dom/cjs/react-dom-client.development.js:8897:19)
      at beginWork (node_modules/react-dom/cjs/react-dom-client.development.js:10522:18)
      at runWithFiberInDEV (node_modules/react-dom/cjs/react-dom-client.development.js:1522:13)
      at performUnitOfWork (node_modules/react-dom/cjs/react-dom-client.development.js:15140:22)
      at workLoopSync (node_modules/react-dom/cjs/react-dom-client.development.js:14956:41)
      at renderRootSync (node_modules/react-dom/cjs/react-dom-client.development.js:14936:11)
      at performWorkOnRoot (node_modules/react-dom/cjs/react-dom-client.development.js:14419:13)
      at performSyncWorkOnRoot (node_modules/react-dom/cjs/react-dom-client.development.js:16231:7)
      at flushSyncWorkAcrossRoots_impl (node_modules/react-dom/cjs/react-dom-client.development.js:16079:21)
      at processRootScheduleInMicrotask (node_modules/react-dom/cjs/react-dom-client.development.js:16116:7)
      at node_modules/react-dom/cjs/react-dom-client.development.js:16241:11
      at flushActQueue (node_modules/react/cjs/react.development.js:566:34)
      at Object.<anonymous>.process.env.NODE_ENV.exports.act (node_modules/react/cjs/react.development.js:859:10)
      at Object.<anonymous>.process.env.NODE_ENV.exports.act (node_modules/react-dom/cjs/react-dom-test-utils.development.js:22:20)
      at node_modules/@testing-library/react/dist/act-compat.js:63:25
      at Object.eventWrapper (node_modules/@testing-library/react/dist/pure.js:78:28)
      at fireEvent (node_modules/@testing-library/dom/dist/events.js:12:35)
      at Function.fireEvent.<computed> [as click] (node_modules/@testing-library/dom/dist/events.js:110:36)
      at Function.fireEvent.<computed> [as click] (node_modules/@testing-library/react/dist/fire-event.js:18:52)
      at click (src/__tests__/login.test.jsx:81:15)
      at call (src/__tests__/login.test.jsx:2:1)
      at Generator.tryCatch (src/__tests__/login.test.jsx:2:1)
      at Generator._invoke [as next] (src/__tests__/login.test.jsx:2:1)
      at asyncGeneratorStep (src/__tests__/login.test.jsx:2:1)
      at asyncGeneratorStep (src/__tests__/login.test.jsx:2:1)
      at _next (src/__tests__/login.test.jsx:2:1)
      at Object.<anonymous> (src/__tests__/login.test.jsx:2:1)

  console.warn
    useNotifications must be used within a NotificationProvider

       8 |   const context = useContext(NotificationContext);
       9 |   if (!context) {
    > 10 |     console.warn('useNotifications must be used within a NotificationProvider');
         |             ^
      11 |     return {};
      12 |   }
      13 |   return context;

      at warn (src/contexts/NotificationContextCore.js:10:13)
      at LoginPage (src/pages/Auth/LoginPage.jsx:13:47)
      at Object.react-stack-bottom-frame (node_modules/react-dom/cjs/react-dom-client.development.js:23863:20)
      at renderWithHooks (node_modules/react-dom/cjs/react-dom-client.development.js:5529:22)
      at updateFunctionComponent (node_modules/react-dom/cjs/react-dom-client.development.js:8897:19)
      at beginWork (node_modules/react-dom/cjs/react-dom-client.development.js:10522:18)
      at runWithFiberInDEV (node_modules/react-dom/cjs/react-dom-client.development.js:1522:13)
      at performUnitOfWork (node_modules/react-dom/cjs/react-dom-client.development.js:15140:22)
      at workLoopSync (node_modules/react-dom/cjs/react-dom-client.development.js:14956:41)
      at renderRootSync (node_modules/react-dom/cjs/react-dom-client.development.js:14936:11)
      at performWorkOnRoot (node_modules/react-dom/cjs/react-dom-client.development.js:14419:13)
      at performSyncWorkOnRoot (node_modules/react-dom/cjs/react-dom-client.development.js:16231:7)
      at flushSyncWorkAcrossRoots_impl (node_modules/react-dom/cjs/react-dom-client.development.js:16079:21)
      at processRootScheduleInMicrotask (node_modules/react-dom/cjs/react-dom-client.development.js:16116:7)
      at node_modules/react-dom/cjs/react-dom-client.development.js:16241:11
      at flushActQueue (node_modules/react/cjs/react.development.js:566:34)
      at Object.<anonymous>.process.env.NODE_ENV.exports.act (node_modules/react/cjs/react.development.js:859:10)
      at Object.<anonymous>.process.env.NODE_ENV.exports.act (node_modules/react-dom/cjs/react-dom-test-utils.development.js:22:20)
      at node_modules/@testing-library/react/dist/act-compat.js:63:25
      at Object.eventWrapper (node_modules/@testing-library/react/dist/pure.js:78:28)
      at fireEvent (node_modules/@testing-library/dom/dist/events.js:12:35)
      at Function.fireEvent.<computed> [as click] (node_modules/@testing-library/dom/dist/events.js:110:36)
      at Function.fireEvent.<computed> [as click] (node_modules/@testing-library/react/dist/fire-event.js:18:52)
      at click (src/__tests__/login.test.jsx:81:15)
      at call (src/__tests__/login.test.jsx:2:1)
      at Generator.tryCatch (src/__tests__/login.test.jsx:2:1)
      at Generator._invoke [as next] (src/__tests__/login.test.jsx:2:1)
      at asyncGeneratorStep (src/__tests__/login.test.jsx:2:1)
      at asyncGeneratorStep (src/__tests__/login.test.jsx:2:1)
      at _next (src/__tests__/login.test.jsx:2:1)
      at Object.<anonymous> (src/__tests__/login.test.jsx:2:1)

  console.log
    apiClient.post calls: []

      at log (src/__tests__/login.test.jsx:84:13)

FAIL src/__tests__/login.test.jsx
  LoginPage
    ✓ renders login form (483 ms)
    ✓ validates form input (149 ms)
    ✕ submits form with valid data (1216 ms)

  ● LoginPage › submits form with valid data

    TypeError: addNotification is not a function

      24 |       navigate('/dashboard');
      25 |     } catch (err) {
    > 26 |       addNotification(err.message || 'Login failed', 'error');
         |       ^
      27 |     } finally {
      28 |       setLoading(false);
      29 |     }

      at addNotification (src/pages/Auth/LoginPage.jsx:26:7)
      at call (src/pages/Auth/LoginPage.jsx:2:1)
      at Generator.tryCatch (src/pages/Auth/LoginPage.jsx:2:1)
      at Generator._invoke [as next] (src/pages/Auth/LoginPage.jsx:2:1)
      at asyncGeneratorStep (src/pages/Auth/LoginPage.jsx:2:1)
      at asyncGeneratorStep (src/pages/Auth/LoginPage.jsx:2:1)
      at _next (src/pages/Auth/LoginPage.jsx:2:1)
      at src/pages/Auth/LoginPage.jsx:2:1
      at apply (src/pages/Auth/LoginPage.jsx:16:21)
      at executeDispatch (node_modules/react-dom/cjs/react-dom-client.development.js:16368:9)
      at runWithFiberInDEV (node_modules/react-dom/cjs/react-dom-client.development.js:1522:13)
      at processDispatchQueue (node_modules/react-dom/cjs/react-dom-client.development.js:16418:19)
      at node_modules/react-dom/cjs/react-dom-client.development.js:17016:9
      at batchedUpdates$1 (node_modules/react-dom/cjs/react-dom-client.development.js:3262:40)
      at dispatchEventForPluginEventSystem (node_modules/react-dom/cjs/react-dom-client.development.js:16572:7)
      at dispatchEvent (node_modules/react-dom/cjs/react-dom-client.development.js:20658:11)
      at dispatchDiscreteEvent (node_modules/react-dom/cjs/react-dom-client.development.js:20626:11)
      at HTMLDivElement.callTheUserObjectsOperation (node_modules/jsdom/lib/jsdom/living/generated/EventListener.js:26:30)
      at innerInvokeEventListeners (node_modules/jsdom/lib/jsdom/living/events/EventTarget-impl.js:350:25)
      at invokeEventListeners (node_modules/jsdom/lib/jsdom/living/events/EventTarget-impl.js:286:3)
      at HTMLFormElementImpl._dispatch (node_modules/jsdom/lib/jsdom/living/events/EventTarget-impl.js:233:9)
      at fireAnEvent (node_modules/jsdom/lib/jsdom/living/helpers/events.js:18:36)
      at HTMLFormElementImpl.requestSubmit (node_modules/jsdom/lib/jsdom/living/nodes/HTMLFormElement-impl.js:109:10)
      at HTMLFormElementImpl._doRequestSubmit (node_modules/jsdom/lib/jsdom/living/nodes/HTMLFormElement-impl.js:79:10)
      at HTMLButtonElementImpl._activationBehavior (node_modules/jsdom/lib/jsdom/living/nodes/HTMLButtonElement-impl.js:23:14)
      at HTMLButtonElementImpl._dispatch (node_modules/jsdom/lib/jsdom/living/events/EventTarget-impl.js:252:26)
      at HTMLButtonElementImpl.dispatchEvent (node_modules/jsdom/lib/jsdom/living/events/EventTarget-impl.js:104:17)
      at HTMLButtonElement.dispatchEvent (node_modules/jsdom/lib/jsdom/living/generated/EventTarget.js:241:34)
      at node_modules/@testing-library/dom/dist/events.js:19:20
      at node_modules/@testing-library/react/dist/pure.js:79:16
      at node_modules/@testing-library/react/dist/act-compat.js:64:24
      at Object.<anonymous>.process.env.NODE_ENV.exports.act (node_modules/react/cjs/react.development.js:789:22)
      at Object.<anonymous>.process.env.NODE_ENV.exports.act (node_modules/react-dom/cjs/react-dom-test-utils.development.js:22:20)
      at node_modules/@testing-library/react/dist/act-compat.js:63:25
      at Object.eventWrapper (node_modules/@testing-library/react/dist/pure.js:78:28)
      at fireEvent (node_modules/@testing-library/dom/dist/events.js:12:35)
      at Function.fireEvent.<computed> [as click] (node_modules/@testing-library/dom/dist/events.js:110:36)
      at Function.fireEvent.<computed> [as click] (node_modules/@testing-library/react/dist/fire-event.js:18:52)
      at click (src/__tests__/login.test.jsx:81:15)
      at call (src/__tests__/login.test.jsx:2:1)
      at Generator.tryCatch (src/__tests__/login.test.jsx:2:1)
      at Generator._invoke [as next] (src/__tests__/login.test.jsx:2:1)
      at asyncGeneratorStep (src/__tests__/login.test.jsx:2:1)
      at asyncGeneratorStep (src/__tests__/login.test.jsx:2:1)
      at _next (src/__tests__/login.test.jsx:2:1)
      at Object.<anonymous> (src/__tests__/login.test.jsx:2:1)

  ● LoginPage › submits form with valid data

    expect(jest.fn()).toHaveBeenCalledWith(...expected)

    Expected: "/auth/login", {"email": "test@example.com", "password": "password123"}

    Number of calls: 0

    Ignored nodes: comments, script, style
    [36m<html>[39m
      [36m<head />[39m
      [36m<body>[39m
        [36m<div>[39m
          [36m<div[39m
            [33mclass[39m=[32m"auth-page"[39m
          [36m>[39m
            [36m<div[39m
              [33mclass[39m=[32m"auth-container"[39m
            [36m>[39m
              [36m<h1[39m
                [33mclass[39m=[32m"auth-title"[39m
              [36m>[39m
                [0mWelcome Back[0m
              [36m</h1>[39m
              [36m<p[39m
                [33mclass[39m=[32m"auth-subtitle"[39m
              [36m>[39m
                [0mSign in to access your account[0m
              [36m</p>[39m
              [36m<form[39m
                [33mclass[39m=[32m"auth-form"[39m
              [36m>[39m
                [36m<div[39m
                  [33mclass[39m=[32m"form-group"[39m
                [36m>[39m
                  [36m<label[39m
                    [33mfor[39m=[32m"loginEmail"[39m
                  [36m>[39m
                    [0mEmail Address[0m
                  [36m</label>[39m
                  [36m<input[39m
                    [33mautocomplete[39m=[32m"email"[39m
                    [33mclass[39m=[32m"auth-input"[39m
                    [33mid[39m=[32m"loginEmail"[39m
                    [33mname[39m=[32m"email"[39m
                    [33mrequired[39m=[32m""[39m
                    [33mtype[39m=[32m"email"[39m
                    [33mvalue[39m=[32m"test@example.com"[39m
                  [36m/>[39m
                [36m</div>[39m
                [36m<div[39m
                  [33mclass[39m=[32m"form-group"[39m
                [36m>[39m
                  [36m<label[39m
                    [33mfor[39m=[32m"loginPassword"[39m
                  [36m>[39m
                    [0mPassword[0m
                  [36m</label>[39m
                  [36m<input[39m
                    [33mclass[39m=[32m"auth-input"[39m
                    [33mid[39m=[32m"loginPassword"[39m
                    [33mname[39m=[32m"password"[39m
                    [33mrequired[39m=[32m""[39m
                    [33mtype[39m=[32m"password"[39m
                    [33mvalue[39m=[32m"password123"[39m
                  [36m/>[39m
                [36m</div>[39m
                [36m<div[39m
                  [33mclass[39m=[32m"auth-actions"[39m
                [36m>[39m
                  [36m<a[39m
                    [33mclass[39m=[32m"auth-link"[39m
                    [33mdata-discover[39m=[32m"true"[39m
                    [33mhref[39m=[32m"/forgot-password"[39m
                  [36m>[39m
                    [0mForgot password?[0m
                  [36m</a>[39m
                [36m</div>[39m
                [36m<button[39m
                  [33mclass[39m=[32m"btn btn-primary"[39m
                  [33mtype[39m=[32m"submit"[39m
                [36m>[39m
                  [0mSign In[0m
                [36m</button>[39m
              [36m</form>[39m
              [36m<div[39m
                [33mclass[39m=[32m"auth-footer"[39m
              [36m>[39m
                [0mDon't have an account?[0m
                [0m [0m
                [36m<a[39m
                  [33mclass[39m=[32m"auth-link"[39m
                  [33mdata-discover[39m=[32m"true"[39m
                  [33mhref[39m=[32m"/register"[39m
                [36m>[39m
                  [0mCreate one[0m
                [36m</a>[39m
              [36m</div>[39m
            [36m</div>[39m
          [36m</div>[39m
        [36m</div>[39m
      [36m</body>[39m
    [36m</html>[39m

      85 |
      86 |     await waitFor(() => {
    > 87 |       expect(apiClient.post).toHaveBeenCalledWith(
         |                              ^
      88 |         '/auth/login',
      89 |         { email: 'test@example.com', password: 'password123' }
      90 |       );

      at toHaveBeenCalledWith (src/__tests__/login.test.jsx:87:30)
      at runWithExpensiveErrorDiagnosticsDisabled (node_modules/@testing-library/dom/dist/config.js:47:12)
      at checkCallback (node_modules/@testing-library/dom/dist/wait-for.js:127:77)
      at checkRealTimersCallback (node_modules/@testing-library/dom/dist/wait-for.js:121:16)
      at Timeout.task [as _onTimeout] (node_modules/jsdom/lib/jsdom/browser/Window.js:520:19)

PASS src/__tests__/dummy.test.jsx
  ✓ dummy test (2 ms)

Test Suites: 1 failed, 1 passed, 2 total
Tests:       1 failed, 3 passed, 4 total
Snapshots:   0 total
Time:        4.397 s
Ran all test suites.
